2023-10-04T16:25:31.155Z [logs-pdv info: servidor rodando!]
2023-10-04T16:26:51.563Z [logs-pdv info: servidor rodando!]
2023-10-04T16:29:42.069Z [logs-pdv info: servidor rodando!]
2023-10-04T16:33:19.297Z [logs-pdv info: servidor rodando!]
2023-10-04T16:34:19.261Z [logs-pdv info: servidor rodando!]
2023-10-04T16:40:17.726Z [logs-pdv info: servidor rodando!]
2023-10-04T16:40:46.297Z [logs-pdv info: servidor rodando!]
2023-10-04T16:40:51.489Z [logs-pdv info: servidor rodando!]
2023-10-04T16:41:55.105Z [logs-pdv info: servidor rodando!]
2023-10-04T16:44:03.225Z [logs-pdv info: servidor rodando!]
2023-10-04T16:44:18.797Z [logs-pdv info: servidor rodando!]
2023-10-04T16:44:22.220Z [logs-pdv error: loggers is not defined]
2023-10-04T16:44:41.094Z [logs-pdv info: servidor rodando!]
2023-10-04T17:09:36.947Z [logs-pdv info: Success!]
2023-10-04T17:10:57.993Z [logs-pdv info: servidor rodando!]
2023-10-04T17:11:01.751Z [logs-pdv error: Dados não encontrados]
2023-10-04T17:11:01.789Z [logs-pdv info: Success!]
2023-10-04T17:11:24.258Z [logs-pdv info: servidor rodando!]
2023-10-04T17:11:26.478Z [logs-pdv error: Dados não encontrados]
2023-10-04T17:11:39.188Z [logs-pdv info: Success!]
2023-10-04T17:15:15.587Z [logs-pdv error: Dados não encontrados]
2023-10-04T17:21:52.262Z [logs-pdv info: servidor rodando!]
2023-10-04T19:36:05.497Z [logs-pdv info: servidor rodando!]
2023-10-04T19:36:37.021Z [logs-pdv info: servidor rodando!]
2023-10-04T19:36:38.957Z [logs-pdv error: Parametros inválidos!]
2023-10-04T19:36:57.785Z [logs-pdv info: login: ]
2023-10-04T19:36:57.884Z [logs-pdv error: Dados não encontrados]
2023-10-04T19:37:05.730Z [logs-pdv info: login: ]
2023-10-04T19:37:05.757Z [logs-pdv info: Success!]
2023-10-04T19:39:51.743Z [logs-pdv info: servidor rodando!]
2023-10-04T19:42:39.288Z [logs-pdv info: servidor rodando!]
2023-10-04T19:43:32.401Z [logs-pdv info: servidor rodando!]
2023-10-04T19:43:36.809Z [logs-pdv info: servidor rodando!]
2023-10-04T19:44:24.922Z [logs-pdv info: servidor rodando!]
2023-10-04T19:59:40.447Z [logs-pdv info: login: ]
2023-10-04T19:59:40.587Z [logs-pdv info: Success!]
2023-10-04T19:59:48.394Z [logs-pdv info: login: ]
2023-10-04T19:59:48.413Z [logs-pdv error: Dados não encontrados]
2023-10-04T19:59:59.187Z [logs-pdv error: Parametros inválidos!]
2023-10-04T20:15:24.274Z [logs-pdv info: servidor rodando!]
2023-10-04T20:15:40.088Z [logs-pdv info: servidor rodando!]
2023-10-04T20:16:56.713Z [logs-pdv info: login: ]
2023-10-04T20:16:56.792Z [logs-pdv info: Success!]
2023-10-04T20:17:08.908Z [logs-pdv info: product geral]
2023-10-04T20:17:08.991Z [logs-pdv info: Success!]
2023-10-04T20:17:17.270Z [logs-pdv error: Dados não encontrados]
2023-10-04T20:17:24.946Z [logs-pdv info: product geral]
2023-10-04T20:17:24.958Z [logs-pdv info: Success!]
2023-10-04T20:17:26.871Z [logs-pdv error: Dados não encontrados]
2023-10-04T20:17:28.653Z [logs-pdv error: Dados não encontrados]
2023-10-04T20:17:30.407Z [logs-pdv error: Dados não encontrados]
2023-10-04T20:17:34.124Z [logs-pdv info: product geral]
2023-10-04T20:17:34.134Z [logs-pdv info: Success!]
2023-10-04T20:17:35.532Z [logs-pdv info: product geral]
2023-10-04T20:17:35.541Z [logs-pdv info: Success!]
2023-10-04T20:19:46.362Z [logs-pdv info: servidor rodando!]
2023-10-04T20:22:36.293Z [logs-pdv info: servidor rodando!]
2023-10-04T20:29:02.191Z [logs-pdv info: servidor rodando!]
2023-10-04T20:29:08.636Z [logs-pdv info: servidor rodando!]
2023-10-04T20:29:15.093Z [logs-pdv info: servidor rodando!]
2023-10-04T20:29:26.703Z [logs-pdv info: servidor rodando!]
2023-10-05T14:18:07.569Z [logs-pdv info: servidor rodando!]
2023-10-05T14:19:23.643Z [logs-pdv info: servidor rodando!]
2023-10-05T14:20:52.334Z [logs-pdv info: servidor rodando!]
2023-10-05T14:22:06.550Z [logs-pdv info: servidor rodando!]
2023-10-05T14:22:39.492Z [logs-pdv info: servidor rodando!]
2023-10-05T14:22:54.186Z [logs-pdv info: servidor rodando!]
2023-10-05T14:23:38.299Z [logs-pdv info: servidor rodando!]
2023-10-05T14:24:51.444Z [logs-pdv info: servidor rodando!]
2023-10-05T14:26:56.916Z [logs-pdv info: servidor rodando!]
2023-10-05T14:27:04.283Z [logs-pdv info: servidor rodando!]
2023-10-05T14:29:39.606Z [logs-pdv info: servidor rodando!]
2023-10-05T14:31:28.691Z [logs-pdv info: servidor rodando!]
2023-10-05T14:31:31.536Z [logs-pdv info: servidor rodando!]
2023-10-05T14:32:21.537Z [logs-pdv info: servidor rodando!]
2023-10-05T14:32:37.063Z [logs-pdv info: servidor rodando!]
2023-10-05T14:32:42.216Z [logs-pdv info: servidor rodando!]
2023-10-05T14:32:59.079Z [logs-pdv info: servidor rodando!]
2023-10-05T14:33:06.191Z [logs-pdv info: servidor rodando!]
2023-10-05T14:33:11.970Z [logs-pdv info: servidor rodando!]
2023-10-05T14:33:17.372Z [logs-pdv info: servidor rodando!]
2023-10-05T14:33:23.437Z [logs-pdv info: servidor rodando!]
2023-10-05T14:33:28.430Z [logs-pdv info: servidor rodando!]
2023-10-05T14:33:32.008Z [logs-pdv info: servidor rodando!]
2023-10-05T14:33:37.550Z [logs-pdv info: servidor rodando!]
2023-10-05T14:33:41.167Z [logs-pdv info: servidor rodando!]
2023-10-05T14:36:23.181Z [logs-pdv info: servidor rodando!]
2023-10-05T14:38:20.882Z [logs-pdv info: servidor rodando!]
2023-10-05T14:39:34.594Z [logs-pdv error: Parametros inválidos!]
2023-10-05T14:40:11.831Z [logs-pdv info: login: ]
2023-10-05T14:40:12.157Z [logs-pdv info: Success!]
2023-10-05T14:44:47.774Z [logs-pdv info: servidor rodando!]
2023-10-05T14:44:58.031Z [logs-pdv info: login: ]
2023-10-05T14:44:58.110Z [logs-pdv info: Success!]
2023-10-05T14:50:53.614Z [logs-pdv info: login: ]
2023-10-05T14:50:53.626Z [logs-pdv info: Success!]
2023-10-05T14:51:07.181Z [logs-pdv info: product geral]
2023-10-05T14:51:07.276Z [logs-pdv info: Success!]
2023-10-05T14:51:33.147Z [logs-pdv info: get all sales]
2023-10-05T14:51:33.223Z [logs-pdv error: Dados não encontrados]
2023-10-05T14:51:49.725Z [logs-pdv info: get all sales]
2023-10-05T14:51:49.734Z [logs-pdv error: Dados não encontrados]
2023-10-05T14:52:35.263Z [logs-pdv info: product geral]
2023-10-05T14:52:35.273Z [logs-pdv info: Success!]
2023-10-05T14:53:18.518Z [logs-pdv info: product geral]
2023-10-05T14:53:18.527Z [logs-pdv info: Success!]
2023-10-05T14:55:08.819Z [logs-pdv info: product geral]
2023-10-05T14:55:08.829Z [logs-pdv info: Success!]
2023-10-05T14:55:09.251Z [logs-pdv info: product geral]
2023-10-05T14:55:09.258Z [logs-pdv info: Success!]
2023-10-05T14:55:43.809Z [logs-pdv info: product geral]
2023-10-05T14:55:43.829Z [logs-pdv info: product geral]
2023-10-05T14:55:43.841Z [logs-pdv info: Success!]
2023-10-05T14:55:43.977Z [logs-pdv info: Success!]
2023-10-05T14:55:50.612Z [logs-pdv info: product geral]
2023-10-05T14:55:50.622Z [logs-pdv info: Success!]
2023-10-05T14:56:10.274Z [logs-pdv info: product geral]
2023-10-05T14:56:10.282Z [logs-pdv info: Success!]
2023-10-05T14:56:18.995Z [logs-pdv info: product geral]
2023-10-05T14:56:19.003Z [logs-pdv info: Success!]
2023-10-05T14:56:33.403Z [logs-pdv info: product geral]
2023-10-05T14:56:33.412Z [logs-pdv info: Success!]
2023-10-05T14:57:11.721Z [logs-pdv info: product geral]
2023-10-05T14:57:11.729Z [logs-pdv info: Success!]
2023-10-05T14:57:30.163Z [logs-pdv info: product geral]
2023-10-05T14:57:30.168Z [logs-pdv info: Success!]
2023-10-05T14:57:46.097Z [logs-pdv info: product geral]
2023-10-05T14:57:46.105Z [logs-pdv info: Success!]
2023-10-05T14:59:11.942Z [logs-pdv info: get all sales]
2023-10-05T14:59:11.950Z [logs-pdv error: Dados não encontrados]
2023-10-05T15:01:57.554Z [logs-pdv info: get all sales]
2023-10-05T15:01:57.568Z [logs-pdv error: Dados não encontrados]
2023-10-05T15:06:18.718Z [logs-pdv info: get all sales]
2023-10-05T15:06:18.757Z [logs-pdv error: Dados não encontrados]
2023-10-05T15:06:18.889Z [logs-pdv info: get all sales]
2023-10-05T15:06:18.894Z [logs-pdv error: Dados não encontrados]
2023-10-05T15:06:18.995Z [logs-pdv info: get all sales]
2023-10-05T15:06:19.001Z [logs-pdv error: Dados não encontrados]
2023-10-05T15:06:19.049Z [logs-pdv info: get all sales]
2023-10-05T15:06:19.054Z [logs-pdv error: Dados não encontrados]
2023-10-05T15:06:41.095Z [logs-pdv info: get all sales]
2023-10-05T15:06:41.102Z [logs-pdv error: Dados não encontrados]
2023-10-05T15:38:17.607Z [logs-pdv error: Parametros inválidos!]
2023-10-05T15:38:21.266Z [logs-pdv info: login: ]
2023-10-05T15:38:21.274Z [logs-pdv info: Success!]
2023-10-05T15:40:26.835Z [logs-pdv info: get all sales]
2023-10-05T15:40:26.839Z [logs-pdv error: Dados não encontrados]
2023-10-05T15:40:26.959Z [logs-pdv info: get all sales]
2023-10-05T15:40:26.963Z [logs-pdv error: Dados não encontrados]
2023-10-05T15:40:27.619Z [logs-pdv info: get all sales]
2023-10-05T15:40:27.623Z [logs-pdv error: Dados não encontrados]
2023-10-05T15:40:46.396Z [logs-pdv info: get all sales]
2023-10-05T15:40:46.403Z [logs-pdv error: Dados não encontrados]
2023-10-05T15:41:06.434Z [logs-pdv info: get all sales]
2023-10-05T15:41:06.440Z [logs-pdv error: Dados não encontrados]
2023-10-05T15:41:44.039Z [logs-pdv info: product geral]
2023-10-05T15:41:44.046Z [logs-pdv info: Success!]
2023-10-05T15:41:49.497Z [logs-pdv info: product geral]
2023-10-05T15:41:49.505Z [logs-pdv info: Success!]
2023-10-05T15:41:50.781Z [logs-pdv info: get all sales]
2023-10-05T15:41:50.788Z [logs-pdv error: Dados não encontrados]
2023-10-05T15:42:04.534Z [logs-pdv info: product geral]
2023-10-05T15:42:04.542Z [logs-pdv info: Success!]
2023-10-05T15:42:06.609Z [logs-pdv info: get all sales]
2023-10-05T15:42:06.618Z [logs-pdv error: Dados não encontrados]
2023-10-05T15:42:58.622Z [logs-pdv info: servidor rodando!]
2023-10-05T15:43:07.422Z [logs-pdv info: get all sales]
2023-10-05T15:43:07.587Z [logs-pdv error: Dados não encontrados]
2023-10-05T15:43:13.246Z [logs-pdv info: servidor rodando!]
2023-10-05T15:43:16.786Z [logs-pdv info: product geral]
2023-10-05T15:43:16.900Z [logs-pdv info: Success!]
2023-10-05T15:43:17.787Z [logs-pdv info: get all sales]
2023-10-05T15:43:17.797Z [logs-pdv error: Dados não encontrados]
2023-10-05T15:43:32.450Z [logs-pdv error: Parametros inválidos!]
2023-10-05T15:43:36.038Z [logs-pdv info: login: ]
2023-10-05T15:43:36.052Z [logs-pdv info: Success!]
2023-10-05T15:43:39.383Z [logs-pdv info: get all sales]
2023-10-05T15:43:39.392Z [logs-pdv error: Dados não encontrados]
2023-10-05T15:44:12.560Z [logs-pdv info: servidor rodando!]
2023-10-05T15:44:16.680Z [logs-pdv info: product geral]
2023-10-05T15:44:16.802Z [logs-pdv info: Success!]
2023-10-05T15:44:17.605Z [logs-pdv info: get all sales]
2023-10-05T15:44:17.613Z [logs-pdv error: Dados não encontrados]
2023-10-05T15:44:46.938Z [logs-pdv info: get all sales]
2023-10-05T15:44:46.947Z [logs-pdv error: Dados não encontrados]
2023-10-05T15:45:25.420Z [logs-pdv info: get all sales]
2023-10-05T15:45:25.428Z [logs-pdv error: Dados não encontrados]
2023-10-05T15:45:30.458Z [logs-pdv info: product geral]
2023-10-05T15:45:30.470Z [logs-pdv info: Success!]
2023-10-05T20:49:19.274Z [logs-pdv info: login: ]
2023-10-05T20:49:19.320Z [logs-pdv info: Success!]
2023-10-12T17:52:26.808Z [logs-pdv info: servidor rodando!]
2023-10-12T17:57:53.992Z [logs-pdv info: login: ]
2023-10-12T17:57:54.053Z [logs-pdv info: Success!]
2023-10-12T17:58:02.911Z [logs-pdv info: get all supplier]
2023-10-12T17:58:02.917Z [logs-pdv error: Dados não encontrados]
2023-10-12T17:58:06.102Z [logs-pdv info: get all sales]
2023-10-12T17:58:06.107Z [logs-pdv error: Dados não encontrados]
2023-10-12T17:58:07.106Z [logs-pdv info: product geral]
2023-10-12T17:58:07.112Z [logs-pdv info: Success!]
2023-10-12T17:58:08.311Z [logs-pdv info: get all sales]
2023-10-12T17:58:08.315Z [logs-pdv error: Dados não encontrados]
2023-10-12T17:58:09.616Z [logs-pdv info: product geral]
2023-10-12T17:58:09.621Z [logs-pdv info: Success!]
2023-10-12T17:58:22.327Z [logs-pdv info: product geral]
2023-10-12T17:58:22.331Z [logs-pdv info: Success!]
2023-10-12T17:58:25.802Z [logs-pdv info: product geral]
2023-10-12T17:58:25.807Z [logs-pdv info: Success!]
2023-10-12T17:58:27.939Z [logs-pdv info: product geral]
2023-10-12T17:58:27.944Z [logs-pdv info: Success!]
2023-10-12T17:58:28.508Z [logs-pdv info: get all sales]
2023-10-12T17:58:28.512Z [logs-pdv error: Dados não encontrados]
2023-10-12T17:58:31.586Z [logs-pdv info: get all client]
2023-10-12T17:58:31.589Z [logs-pdv error: Dados não encontrados]
2023-10-12T17:58:58.465Z [logs-pdv error: next is not defined]
2023-10-12T18:15:06.271Z [logs-pdv info: get all supplier]
2023-10-12T18:15:06.279Z [logs-pdv error: Dados não encontrados]
2023-10-12T18:15:07.927Z [logs-pdv info: get all client]
2023-10-12T18:15:07.930Z [logs-pdv error: Dados não encontrados]
2023-10-12T18:15:09.288Z [logs-pdv info: get all supplier]
2023-10-12T18:15:09.292Z [logs-pdv error: Dados não encontrados]
2023-10-30T20:07:21.413Z [logs-pdv info: servidor rodando!]
2023-10-30T20:25:02.329Z [logs-pdv info: login: ]
2023-10-30T20:25:02.372Z [logs-pdv info: Success!]
2023-10-30T20:25:04.530Z [logs-pdv info: product geral]
2023-10-30T20:25:04.538Z [logs-pdv info: Success!]
2023-10-30T20:26:13.774Z [logs-pdv info: search product_id]
2023-10-30T20:26:13.778Z [logs-pdv error: Dados não encontrados]
2023-10-30T20:27:08.206Z [logs-pdv info: search product_id]
2023-10-30T20:27:08.209Z [logs-pdv error: Dados não encontrados]
2023-10-30T20:27:09.442Z [logs-pdv info: product geral]
2023-10-30T20:27:09.447Z [logs-pdv info: Success!]
2023-10-30T20:27:40.665Z [logs-pdv info: search product_id]
2023-10-30T20:27:40.668Z [logs-pdv error: Dados não encontrados]
2023-10-30T20:27:56.321Z [logs-pdv info: search product_id]
2023-10-30T20:27:56.324Z [logs-pdv error: Dados não encontrados]
2023-10-30T20:28:02.149Z [logs-pdv info: get all sales]
2023-10-30T20:28:02.155Z [logs-pdv error: Dados não encontrados]
2023-10-30T20:28:03.797Z [logs-pdv info: product geral]
2023-10-30T20:28:03.802Z [logs-pdv info: Success!]
2023-10-30T20:28:08.874Z [logs-pdv info: product geral]
2023-10-30T20:28:08.877Z [logs-pdv info: Success!]
2023-10-30T20:28:13.213Z [logs-pdv info: product geral]
2023-10-30T20:28:13.218Z [logs-pdv info: Success!]
2023-10-30T20:29:28.460Z [logs-pdv info: product geral]
2023-10-30T20:29:28.463Z [logs-pdv info: Success!]
2023-10-31T12:22:56.521Z [logs-pdv info: servidor rodando!]
2023-10-31T12:25:27.476Z [logs-pdv info: login: ]
2023-10-31T12:25:27.529Z [logs-pdv info: Success!]
2023-10-31T16:38:04.692Z [logs-pdv info: servidor rodando!]
2023-10-31T16:38:57.047Z [logs-pdv info: login: ]
2023-10-31T16:38:57.090Z [logs-pdv info: Success!]
2023-10-31T19:34:56.808Z [logs-pdv info: login: ]
2023-10-31T19:34:56.817Z [logs-pdv info: Success!]
2023-10-31T19:36:03.614Z [logs-pdv info: product geral]
2023-10-31T19:36:03.645Z [logs-pdv info: Success!]
2023-10-31T19:36:05.615Z [logs-pdv info: get all sales]
2023-10-31T19:36:05.635Z [logs-pdv error: Dados não encontrados]
2023-10-31T19:36:07.278Z [logs-pdv info: get all supplier]
2023-10-31T19:36:07.298Z [logs-pdv error: Dados não encontrados]
2023-10-31T19:36:09.837Z [logs-pdv info: get all client]
2023-10-31T19:36:09.856Z [logs-pdv error: Dados não encontrados]
2023-10-31T19:48:47.914Z [logs-pdv info: login: ]
2023-10-31T19:48:47.919Z [logs-pdv info: Success!]
2023-11-01T11:56:08.704Z [logs-pdv info: servidor rodando!]
2023-11-01T11:56:30.117Z [logs-pdv info: servidor rodando!]
2023-11-01T12:49:59.486Z [logs-pdv info: servidor rodando!]
2023-11-01T13:07:09.234Z [logs-pdv info: servidor rodando!]
2023-11-01T13:11:11.357Z [logs-pdv info: servidor rodando!]
2023-11-01T19:38:38.005Z [logs-pdv info: servidor rodando!]
2023-11-01T19:39:22.532Z [logs-pdv info: servidor rodando!]
2023-11-01T19:39:32.617Z [logs-pdv info: servidor rodando!]
2023-11-01T19:40:18.053Z [logs-pdv info: servidor rodando!]
2023-11-01T19:40:42.073Z [logs-pdv info: servidor rodando!]
2023-11-01T19:41:01.080Z [logs-pdv info: login: ]
2023-11-01T19:41:01.113Z [logs-pdv error: jwt is not a function]
2023-11-01T19:41:05.815Z [logs-pdv info: login: ]
2023-11-01T19:41:05.821Z [logs-pdv error: jwt is not a function]
2023-11-01T19:41:07.162Z [logs-pdv info: login: ]
2023-11-01T19:41:07.166Z [logs-pdv error: jwt is not a function]
2023-11-01T19:41:10.528Z [logs-pdv info: login: ]
2023-11-01T19:41:10.532Z [logs-pdv error: jwt is not a function]
2023-11-01T19:41:21.903Z [logs-pdv info: login: ]
2023-11-01T19:41:21.907Z [logs-pdv error: jwt is not a function]
2023-11-01T19:41:37.688Z [logs-pdv info: servidor rodando!]
2023-11-01T19:41:37.842Z [logs-pdv info: login: ]
2023-11-01T19:41:37.859Z [logs-pdv error: jwt is not a function]
2023-11-01T19:41:39.376Z [logs-pdv info: login: ]
2023-11-01T19:41:39.381Z [logs-pdv error: jwt is not a function]
2023-11-01T19:41:40.806Z [logs-pdv info: login: ]
2023-11-01T19:41:40.810Z [logs-pdv error: jwt is not a function]
2023-11-01T19:42:18.231Z [logs-pdv info: servidor rodando!]
2023-11-01T19:42:18.391Z [logs-pdv info: login: ]
2023-11-01T19:42:18.410Z [logs-pdv error: jwt is not a function]
2023-11-01T19:42:19.847Z [logs-pdv info: login: ]
2023-11-01T19:42:19.853Z [logs-pdv error: jwt is not a function]
2023-11-01T19:42:26.668Z [logs-pdv info: servidor rodando!]
2023-11-01T19:42:26.779Z [logs-pdv info: login: ]
2023-11-01T19:42:26.800Z [logs-pdv error: jwt is not a function]
2023-11-01T19:42:28.767Z [logs-pdv info: login: ]
2023-11-01T19:42:28.772Z [logs-pdv error: jwt is not a function]
2023-11-01T19:42:36.333Z [logs-pdv info: login: ]
2023-11-01T19:42:36.338Z [logs-pdv error: jwt is not a function]
2023-11-01T19:43:45.829Z [logs-pdv info: login: ]
2023-11-01T19:43:45.833Z [logs-pdv error: jwt is not a function]
2023-11-01T19:45:16.357Z [logs-pdv info: login: ]
2023-11-01T19:45:16.360Z [logs-pdv error: jwt is not a function]
2023-11-01T19:45:17.338Z [logs-pdv info: login: ]
2023-11-01T19:45:17.343Z [logs-pdv error: jwt is not a function]
2023-11-01T19:45:18.076Z [logs-pdv info: login: ]
2023-11-01T19:45:18.081Z [logs-pdv error: jwt is not a function]
2023-11-01T19:45:19.165Z [logs-pdv info: login: ]
2023-11-01T19:45:19.169Z [logs-pdv error: jwt is not a function]
2023-11-01T19:45:36.479Z [logs-pdv info: servidor rodando!]
2023-11-01T19:45:36.634Z [logs-pdv info: login: ]
2023-11-01T19:45:36.639Z [logs-pdv info: login: ]
2023-11-01T19:45:36.641Z [logs-pdv info: login: ]
2023-11-01T19:45:36.666Z [logs-pdv info: Success!]
2023-11-01T19:45:36.670Z [logs-pdv info: Success!]
2023-11-01T19:45:36.673Z [logs-pdv info: Success!]
2023-11-01T19:48:38.561Z [logs-pdv info: servidor rodando!]
2023-11-01T19:49:26.033Z [logs-pdv info: servidor rodando!]
2023-11-01T19:50:02.791Z [logs-pdv info: servidor rodando!]
2023-11-01T19:50:23.380Z [logs-pdv info: servidor rodando!]
2023-11-01T19:50:32.200Z [logs-pdv info: servidor rodando!]
2023-11-01T19:51:06.264Z [logs-pdv info: servidor rodando!]
2023-11-01T19:55:32.726Z [logs-pdv info: login: ]
2023-11-01T19:55:32.753Z [logs-pdv info: Success!]
2023-11-01T19:55:48.186Z [logs-pdv info: servidor rodando!]
2023-11-01T19:58:49.017Z [logs-pdv info: product geral]
2023-11-01T19:58:49.038Z [logs-pdv info: Success!]
2023-11-01T19:59:56.023Z [logs-pdv info: servidor rodando!]
2023-11-01T20:00:24.138Z [logs-pdv info: login: ]
2023-11-01T20:00:24.164Z [logs-pdv info: Success!]
2023-11-01T20:01:30.979Z [logs-pdv info: create Name]
2023-11-01T20:01:30.987Z [logs-pdv error: Cannot read properties of undefined (reading '0')]
2023-11-01T20:01:36.677Z [logs-pdv info: product geral]
2023-11-01T20:01:36.680Z [logs-pdv info: Success!]
2023-11-01T20:03:58.124Z [logs-pdv info: create Name]
2023-11-01T20:03:58.127Z [logs-pdv error: Cannot read properties of undefined (reading '0')]
2023-11-01T20:04:28.009Z [logs-pdv info: servidor rodando!]
2023-11-01T20:04:28.166Z [logs-pdv info: create Name]
2023-11-01T20:04:28.177Z [logs-pdv info: create Name]
2023-11-01T20:04:28.194Z [logs-pdv error: Cannot read properties of undefined (reading '0')]
2023-11-01T20:04:28.197Z [logs-pdv error: Cannot read properties of undefined (reading '0')]
2023-11-01T20:04:30.594Z [logs-pdv info: create Name]
2023-11-01T20:04:30.602Z [logs-pdv error: Dados não encontrados]
2023-11-01T20:06:44.252Z [logs-pdv info: servidor rodando!]
2023-11-01T20:06:54.119Z [logs-pdv info: login: ]
2023-11-01T20:06:54.147Z [logs-pdv info: Success!]
2023-11-01T20:07:12.332Z [logs-pdv info: create Name]
2023-11-01T20:07:12.336Z [logs-pdv error: Cannot read properties of undefined (reading '0')]
2023-11-01T20:07:54.828Z [logs-pdv info: servidor rodando!]
2023-11-01T20:07:54.978Z [logs-pdv info: create Name]
2023-11-01T20:07:54.979Z [logs-pdv error: NULL is not defined]
2023-11-01T20:07:56.847Z [logs-pdv info: create Name]
2023-11-01T20:07:56.848Z [logs-pdv error: NULL is not defined]
2023-11-01T20:08:14.577Z [logs-pdv info: servidor rodando!]
2023-11-01T20:08:16.895Z [logs-pdv info: create Name]
2023-11-01T20:08:16.911Z [logs-pdv error: Dados não encontrados]
2023-11-01T20:08:55.429Z [logs-pdv info: servidor rodando!]
2023-11-01T20:08:59.346Z [logs-pdv info: create Name]
2023-11-01T20:08:59.363Z [logs-pdv error: Dados não encontrados]
2023-11-01T20:11:27.248Z [logs-pdv info: create name supplier: ]
2023-11-01T20:11:27.255Z [logs-pdv error: Dados não encontrados]
2023-11-01T20:11:32.114Z [logs-pdv info: create name supplier: ]
2023-11-01T20:11:32.120Z [logs-pdv error: Dados não encontrados]
2023-11-01T20:13:06.381Z [logs-pdv info: create name client: ]
2023-11-01T20:13:06.384Z [logs-pdv error: Dados não encontrados]
2023-11-01T20:17:39.383Z [logs-pdv info: product geral]
2023-11-01T20:17:39.390Z [logs-pdv info: Success!]
2023-11-01T20:17:45.624Z [logs-pdv info: search product_id]
2023-11-01T20:17:45.630Z [logs-pdv info: Success!]
2023-11-01T20:17:51.001Z [logs-pdv info: product geral]
2023-11-01T20:17:51.005Z [logs-pdv info: Success!]
2023-11-01T20:18:01.422Z [logs-pdv info: search product_id]
2023-11-01T20:18:01.426Z [logs-pdv info: Success!]
2023-11-01T20:18:06.912Z [logs-pdv info: edit product_id: ]
2023-11-01T20:18:06.913Z [logs-pdv info: put]
2023-11-01T20:18:06.916Z [logs-pdv error: Dados não encontrados]
2023-11-01T20:18:09.224Z [logs-pdv info: product geral]
2023-11-01T20:18:09.227Z [logs-pdv info: Success!]
2023-11-01T20:18:13.308Z [logs-pdv info: search product_id]
2023-11-01T20:18:13.312Z [logs-pdv info: Success!]
2023-11-01T20:18:24.309Z [logs-pdv info: edit product_id: ]
2023-11-01T20:18:24.310Z [logs-pdv info: put]
2023-11-01T20:18:24.314Z [logs-pdv error: Dados não encontrados]
2023-11-01T20:18:26.164Z [logs-pdv info: product geral]
2023-11-01T20:18:26.168Z [logs-pdv info: Success!]
2023-11-01T20:18:28.957Z [logs-pdv info: search product_id]
2023-11-01T20:18:28.961Z [logs-pdv info: Success!]
2023-11-01T20:18:36.293Z [logs-pdv info: edit product_id: ]
2023-11-01T20:18:36.293Z [logs-pdv info: put]
2023-11-01T20:18:36.296Z [logs-pdv error: Dados não encontrados]
2023-11-01T20:18:37.794Z [logs-pdv info: product geral]
2023-11-01T20:18:37.797Z [logs-pdv info: Success!]
2023-11-01T20:18:42.903Z [logs-pdv info: search product_id]
2023-11-01T20:18:42.906Z [logs-pdv info: Success!]
2023-11-01T20:18:51.113Z [logs-pdv info: edit product_id: ]
2023-11-01T20:18:51.113Z [logs-pdv info: put]
2023-11-01T20:18:51.117Z [logs-pdv error: Dados não encontrados]
2023-11-01T20:18:53.027Z [logs-pdv info: product geral]
2023-11-01T20:18:53.030Z [logs-pdv info: Success!]
2023-11-01T20:18:55.555Z [logs-pdv info: search product_id]
2023-11-01T20:18:55.558Z [logs-pdv info: Success!]
2023-11-01T20:19:14.488Z [logs-pdv info: edit product_id: ]
2023-11-01T20:19:14.488Z [logs-pdv info: put]
2023-11-01T20:19:14.492Z [logs-pdv error: Dados não encontrados]
2023-11-01T20:19:15.869Z [logs-pdv info: product geral]
2023-11-01T20:19:15.871Z [logs-pdv info: Success!]
2023-11-01T20:19:20.410Z [logs-pdv info: search product_id]
2023-11-01T20:19:20.413Z [logs-pdv info: Success!]
2023-11-01T20:19:34.599Z [logs-pdv info: edit product_id: ]
2023-11-01T20:19:34.600Z [logs-pdv info: put]
2023-11-01T20:19:34.604Z [logs-pdv error: Dados não encontrados]
2023-11-01T20:19:35.945Z [logs-pdv info: product geral]
2023-11-01T20:19:35.948Z [logs-pdv info: Success!]
2023-11-01T20:19:41.235Z [logs-pdv info: search product_id]
2023-11-01T20:19:41.239Z [logs-pdv info: Success!]
2023-11-01T20:19:52.204Z [logs-pdv info: edit product_id: ]
2023-11-01T20:19:52.205Z [logs-pdv info: put]
2023-11-01T20:19:52.209Z [logs-pdv error: Dados não encontrados]
2023-11-01T20:19:54.064Z [logs-pdv info: product geral]
2023-11-01T20:19:54.068Z [logs-pdv info: Success!]
2023-11-01T20:20:02.818Z [logs-pdv info: search product_id]
2023-11-01T20:20:02.821Z [logs-pdv info: Success!]
2023-11-01T20:20:21.542Z [logs-pdv info: edit product_id: ]
2023-11-01T20:20:21.542Z [logs-pdv info: put]
2023-11-01T20:20:21.545Z [logs-pdv error: Dados não encontrados]
2023-11-01T20:20:22.927Z [logs-pdv info: product geral]
2023-11-01T20:20:22.930Z [logs-pdv info: Success!]
2023-11-01T20:20:47.041Z [logs-pdv info: search product_id]
2023-11-01T20:20:47.045Z [logs-pdv info: Success!]
2023-11-01T20:20:55.145Z [logs-pdv info: edit product_id: ]
2023-11-01T20:20:55.145Z [logs-pdv info: put]
2023-11-01T20:20:55.148Z [logs-pdv error: Dados não encontrados]
2023-11-01T20:20:56.193Z [logs-pdv info: product geral]
2023-11-01T20:20:56.195Z [logs-pdv info: Success!]
2023-11-01T20:20:57.937Z [logs-pdv info: search product_id]
2023-11-01T20:20:57.939Z [logs-pdv info: Success!]
2023-11-01T20:20:59.733Z [logs-pdv info: product geral]
2023-11-01T20:20:59.736Z [logs-pdv info: Success!]
2023-11-01T20:21:01.123Z [logs-pdv info: search product_id]
2023-11-01T20:21:01.126Z [logs-pdv info: Success!]
2023-11-01T20:21:02.506Z [logs-pdv info: product geral]
2023-11-01T20:21:02.508Z [logs-pdv info: Success!]
2023-11-01T20:21:04.049Z [logs-pdv info: search product_id]
2023-11-01T20:21:04.051Z [logs-pdv info: Success!]
2023-11-01T20:21:05.295Z [logs-pdv info: product geral]
2023-11-01T20:21:05.298Z [logs-pdv info: Success!]
2023-11-01T20:21:07.038Z [logs-pdv info: search product_id]
2023-11-01T20:21:07.041Z [logs-pdv info: Success!]
2023-11-01T20:21:08.274Z [logs-pdv info: product geral]
2023-11-01T20:21:08.277Z [logs-pdv info: Success!]
2023-11-01T20:21:10.157Z [logs-pdv info: search product_id]
2023-11-01T20:21:10.160Z [logs-pdv info: Success!]
2023-11-01T20:21:11.616Z [logs-pdv info: product geral]
2023-11-01T20:21:11.621Z [logs-pdv info: Success!]
2023-11-01T20:21:13.292Z [logs-pdv info: search product_id]
2023-11-01T20:21:13.295Z [logs-pdv info: Success!]
2023-11-01T20:21:14.562Z [logs-pdv info: product geral]
2023-11-01T20:21:14.566Z [logs-pdv info: Success!]
2023-11-01T20:23:50.180Z [logs-pdv info: servidor rodando!]
2023-11-01T20:23:57.733Z [logs-pdv info: product geral]
2023-11-01T20:23:57.754Z [logs-pdv info: Success!]
2023-11-01T20:25:34.888Z [logs-pdv info: product geral]
2023-11-01T20:25:34.900Z [logs-pdv info: Success!]
2023-11-01T20:26:06.338Z [logs-pdv info: product geral]
2023-11-01T20:26:06.341Z [logs-pdv info: Success!]
2023-11-01T20:26:40.583Z [logs-pdv info: product geral]
2023-11-01T20:26:40.587Z [logs-pdv info: Success!]
2023-11-01T20:31:35.057Z [logs-pdv info: servidor rodando!]
2023-11-01T20:31:39.882Z [logs-pdv info: product geral]
2023-11-01T20:31:39.903Z [logs-pdv info: Success!]
2023-11-01T20:35:49.891Z [logs-pdv info: servidor rodando!]
2023-11-01T20:35:58.985Z [logs-pdv info: servidor rodando!]
2023-11-01T20:36:30.957Z [logs-pdv info: search product_id]
2023-11-01T20:36:30.982Z [logs-pdv info: Success!]
2023-11-01T20:37:15.151Z [logs-pdv info: servidor rodando!]
2023-11-01T20:37:38.867Z [logs-pdv info: login: ]
2023-11-01T20:37:38.889Z [logs-pdv info: Success!]
2023-11-01T20:37:40.901Z [logs-pdv info: search product_id]
2023-11-01T20:37:40.905Z [logs-pdv info: Success!]
2023-11-01T20:38:56.290Z [logs-pdv info: search product_id]
2023-11-01T20:38:56.293Z [logs-pdv info: Success!]
2023-11-01T20:39:39.935Z [logs-pdv info: servidor rodando!]
2023-11-01T20:39:43.403Z [logs-pdv info: search store_id]
2023-11-01T20:39:43.423Z [logs-pdv info: Success!]
2023-11-01T20:40:47.362Z [logs-pdv info: servidor rodando!]
2023-11-01T20:40:50.938Z [logs-pdv info: search store_id]
2023-11-01T20:40:50.958Z [logs-pdv info: Success!]
2023-11-01T20:41:08.077Z [logs-pdv info: servidor rodando!]
2023-11-01T20:41:11.069Z [logs-pdv info: search store_id]
2023-11-01T20:41:11.089Z [logs-pdv info: Success!]
2023-11-01T20:42:12.098Z [logs-pdv info: servidor rodando!]
2023-11-01T20:42:16.179Z [logs-pdv info: search store_id]
2023-11-01T20:42:16.204Z [logs-pdv info: Success!]
2023-11-01T20:42:33.839Z [logs-pdv info: servidor rodando!]
2023-11-01T20:42:36.959Z [logs-pdv info: search store_id]
2023-11-01T20:42:36.978Z [logs-pdv info: Success!]
2023-11-01T20:44:12.700Z [logs-pdv info: servidor rodando!]
2023-11-01T20:44:21.483Z [logs-pdv info: search store_id]
2023-11-01T20:44:21.505Z [logs-pdv info: Success!]
2023-11-01T20:44:33.607Z [logs-pdv info: search store_id]
2023-11-01T20:44:33.612Z [logs-pdv info: Success!]
2023-11-01T20:44:57.875Z [logs-pdv info: servidor rodando!]
2023-11-01T20:45:00.365Z [logs-pdv info: search store_id]
2023-11-01T20:45:00.384Z [logs-pdv info: Success!]
2023-11-01T20:45:10.029Z [logs-pdv info: servidor rodando!]
2023-11-01T20:45:13.438Z [logs-pdv info: search store_id]
2023-11-01T20:45:13.462Z [logs-pdv info: Success!]
2023-11-01T20:45:20.253Z [logs-pdv info: servidor rodando!]
2023-11-01T20:45:22.591Z [logs-pdv info: search product_id]
2023-11-01T20:45:22.616Z [logs-pdv info: Success!]
2023-11-01T20:45:34.164Z [logs-pdv info: servidor rodando!]
2023-11-01T20:45:47.737Z [logs-pdv info: servidor rodando!]
2023-11-01T20:46:06.541Z [logs-pdv info: servidor rodando!]
2023-11-01T20:46:18.502Z [logs-pdv info: search store_id]
2023-11-01T20:46:18.530Z [logs-pdv info: Success!]
2023-11-01T20:46:48.072Z [logs-pdv info: search store_id]
2023-11-01T20:46:48.076Z [logs-pdv info: Success!]
2023-11-01T20:46:49.595Z [logs-pdv info: search product_id]
2023-11-01T20:46:49.599Z [logs-pdv info: Success!]
2023-11-01T20:46:54.262Z [logs-pdv info: search store_id]
2023-11-01T20:46:54.266Z [logs-pdv info: Success!]
2023-11-01T20:47:56.274Z [logs-pdv info: servidor rodando!]
2023-11-01T20:48:13.141Z [logs-pdv info: servidor rodando!]
2023-11-01T20:48:24.395Z [logs-pdv info: servidor rodando!]
2023-11-01T20:48:50.255Z [logs-pdv info: servidor rodando!]
2023-11-01T20:49:12.413Z [logs-pdv info: servidor rodando!]
2023-11-01T20:49:19.637Z [logs-pdv info: servidor rodando!]
2023-11-01T20:49:27.870Z [logs-pdv info: servidor rodando!]
2023-11-01T20:52:11.112Z [logs-pdv info: servidor rodando!]
2023-11-01T20:57:05.052Z [logs-pdv info: servidor rodando!]
2023-11-01T20:57:50.380Z [logs-pdv info: get all supplier]
2023-11-01T20:57:50.413Z [logs-pdv info: Success!]
2023-11-01T20:58:26.164Z [logs-pdv info: get store_id: ]
2023-11-01T20:58:26.168Z [logs-pdv info: Success!]
2023-11-01T20:58:53.652Z [logs-pdv info: servidor rodando!]
2023-11-01T20:58:55.731Z [logs-pdv info: get store_id: ]
2023-11-01T20:58:55.757Z [logs-pdv info: Success!]
2023-11-01T20:59:21.368Z [logs-pdv info: servidor rodando!]
2023-11-01T20:59:24.508Z [logs-pdv info: get store_id: ]
2023-11-01T20:59:24.534Z [logs-pdv info: Success!]
2023-11-01T20:59:25.989Z [logs-pdv info: get supplier_id: ]
2023-11-01T20:59:25.994Z [logs-pdv info: Success!]
2023-11-01T20:59:31.617Z [logs-pdv info: servidor rodando!]
